<?xml version="1.0" encoding="UTF-8"?>
<!-- Generated by org.testng.reporters.JUnitXMLReporter -->
<testsuite ignored="2" hostname="DESKTOP-GTM5910" failures="0" tests="1" name="Default test" time="4.084" errors="0" timestamp="2023-07-27T00:05:58 IST">
  <testcase classname="test.LoginPageTest" name="createnewAccount" time="0.823"/>
  <testcase classname="test.LoginPageTest" name="LoginwithValidcredential" time="0.0">
    <ignored/>
  </testcase> <!-- LoginwithValidcredential -->
  <testcase classname="test.LoginPageTest" name="LoginwithinValidcredential" time="0.0">
    <ignored/>
  </testcase> <!-- LoginwithinValidcredential -->
</testsuite> <!-- Default test -->
