<?xml version="1.0" encoding="UTF-8"?>
<testng-results ignored="0" total="1" passed="1" failed="0" skipped="0">
  <reporter-output>
  </reporter-output>
  <suite started-at="2023-07-27T00:05:54 IST" name="Default suite" finished-at="2023-07-27T00:05:58 IST" duration-ms="4084">
    <groups>
    </groups>
    <test started-at="2023-07-27T00:05:54 IST" name="Default test" finished-at="2023-07-27T00:05:58 IST" duration-ms="4084">
      <class name="test.LoginPageTest">
        <test-method is-config="true" signature="openBrowser()[pri:0, instance:test.LoginPageTest@5656be13]" started-at="2023-07-27T00:05:54 IST" name="openBrowser" finished-at="2023-07-27T00:05:57 IST" duration-ms="3213" status="PASS">
          <reporter-output>
          </reporter-output>
        </test-method> <!-- openBrowser -->
        <test-method signature="createnewAccount()[pri:0, instance:test.LoginPageTest@5656be13]" started-at="2023-07-27T00:05:57 IST" name="createnewAccount" finished-at="2023-07-27T00:05:58 IST" duration-ms="823" status="PASS">
          <reporter-output>
          </reporter-output>
        </test-method> <!-- createnewAccount -->
      </class> <!-- test.LoginPageTest -->
    </test> <!-- Default test -->
  </suite> <!-- Default suite -->
</testng-results>
